<?xml version="1.0" encoding="UTF-8"?>
<!-- Generated by org.testng.reporters.JUnitXMLReporter -->
<testsuite hostname="user-PC" ignored="0" name="Test2" tests="1" failures="1" timestamp="16 Nov 2019 06:52:34 GMT" time="23.995" errors="0">
  <testcase name="sVerifyDashBoardMessage" time="13.968" classname="master.cbank.tests.VerifyDashBoardPageAttributes">
    <failure type="java.lang.AssertionError" message="expected [Expand ATTENTION CLICKBANK VENDORS AND AFFILIATES] but found [Expand
ATTENTION CLICKBANK VENDORS AND AFFILIATES]">
      <![CDATA[java.lang.AssertionError: expected [Expand ATTENTION CLICKBANK VENDORS AND AFFILIATES] but found [Expand
ATTENTION CLICKBANK VENDORS AND AFFILIATES]
at master.cbank.tests.VerifyDashBoardPageAttributes.sVerifyDashBoardMessage(VerifyDashBoardPageAttributes.java:57)
... Removed 31 stack frames]]>
    </failure>
  </testcase> <!-- sVerifyDashBoardMessage -->
</testsuite> <!-- Test2 -->
