<?xml version="1.0" encoding="UTF-8"?>
<testng-results skipped="0" failed="1" ignored="0" total="1" passed="0">
  <reporter-output>
  </reporter-output>
  <suite name="Default suite" duration-ms="47089" started-at="2019-11-16T07:18:57Z" finished-at="2019-11-16T07:19:44Z">
    <groups>
    </groups>
    <test name="Default test" duration-ms="47089" started-at="2019-11-16T07:18:57Z" finished-at="2019-11-16T07:19:44Z">
      <class name="master.cbank.tests.VerifyDashBoardPageAttributes">
        <test-method status="PASS" signature="beforeTest()[pri:0, instance:master.cbank.tests.VerifyDashBoardPageAttributes@6f7fd0e6]" name="beforeTest" is-config="true" duration-ms="11914" started-at="2019-11-16T07:18:57Z" finished-at="2019-11-16T07:19:09Z">
          <reporter-output>
          </reporter-output>
        </test-method> <!-- beforeTest -->
        <test-method status="FAIL" signature="sVerifyDashBoardMessage()[pri:0, instance:master.cbank.tests.VerifyDashBoardPageAttributes@6f7fd0e6]" name="sVerifyDashBoardMessage" duration-ms="32037" started-at="2019-11-16T07:19:09Z" finished-at="2019-11-16T07:19:41Z">
          <exception class="java.lang.AssertionError">
            <message>
              <![CDATA[unable to complete logout]]>
            </message>
            <full-stacktrace>
              <![CDATA[java.lang.AssertionError: unable to complete logout
at org.testng.Assert.fail(Assert.java:96)
at master.cbank.pages.LoginPage.Logout(LoginPage.java:92)
at master.cbank.tests.VerifyDashBoardPageAttributes.sVerifyDashBoardMessage(VerifyDashBoardPageAttributes.java:64)
at sun.reflect.NativeMethodAccessorImpl.invoke0(Native Method)
at sun.reflect.NativeMethodAccessorImpl.invoke(NativeMethodAccessorImpl.java:62)
at sun.reflect.DelegatingMethodAccessorImpl.invoke(DelegatingMethodAccessorImpl.java:43)
at java.lang.reflect.Method.invoke(Method.java:498)
at org.testng.internal.MethodInvocationHelper.invokeMethod(MethodInvocationHelper.java:124)
at org.testng.internal.Invoker.invokeMethod(Invoker.java:580)
at org.testng.internal.Invoker.invokeTestMethod(Invoker.java:716)
at org.testng.internal.Invoker.invokeTestMethods(Invoker.java:988)
at org.testng.internal.TestMethodWorker.invokeTestMethods(TestMethodWorker.java:125)
at org.testng.internal.TestMethodWorker.run(TestMethodWorker.java:109)
at org.testng.TestRunner.privateRun(TestRunner.java:648)
at org.testng.TestRunner.run(TestRunner.java:505)
at org.testng.SuiteRunner.runTest(SuiteRunner.java:455)
at org.testng.SuiteRunner.runSequentially(SuiteRunner.java:450)
at org.testng.SuiteRunner.privateRun(SuiteRunner.java:415)
at org.testng.SuiteRunner.run(SuiteRunner.java:364)
at org.testng.SuiteRunnerWorker.runSuite(SuiteRunnerWorker.java:52)
at org.testng.SuiteRunnerWorker.run(SuiteRunnerWorker.java:84)
at org.testng.TestNG.runSuitesSequentially(TestNG.java:1208)
at org.testng.TestNG.runSuitesLocally(TestNG.java:1137)
at org.testng.TestNG.runSuites(TestNG.java:1049)
at org.testng.TestNG.run(TestNG.java:1017)
at org.testng.remote.AbstractRemoteTestNG.run(AbstractRemoteTestNG.java:114)
at org.testng.remote.RemoteTestNG.initAndRun(RemoteTestNG.java:251)
at org.testng.remote.RemoteTestNG.main(RemoteTestNG.java:77)
]]>
            </full-stacktrace>
          </exception> <!-- java.lang.AssertionError -->
          <reporter-output>
          </reporter-output>
        </test-method> <!-- sVerifyDashBoardMessage -->
        <test-method status="PASS" signature="getResult(org.testng.ITestResult)[pri:0, instance:master.cbank.tests.VerifyDashBoardPageAttributes@6f7fd0e6]" name="getResult" is-config="true" duration-ms="6" started-at="2019-11-16T07:19:41Z" finished-at="2019-11-16T07:19:41Z">
          <params>
            <param index="0">
              <value>
                <![CDATA[[TestResult name=sVerifyDashBoardMessage status=FAILURE method=VerifyDashBoardPageAttributes.sVerifyDashBoardMessage()[pri:0, instance:master.cbank.tests.VerifyDashBoardPageAttributes@6f7fd0e6] output={null}]]]>
              </value>
            </param>
          </params>
          <reporter-output>
          </reporter-output>
        </test-method> <!-- getResult -->
        <test-method status="PASS" signature="afterClass()[pri:0, instance:master.cbank.tests.VerifyDashBoardPageAttributes@6f7fd0e6]" name="afterClass" is-config="true" duration-ms="3074" started-at="2019-11-16T07:19:41Z" finished-at="2019-11-16T07:19:44Z">
          <reporter-output>
          </reporter-output>
        </test-method> <!-- afterClass -->
      </class> <!-- master.cbank.tests.VerifyDashBoardPageAttributes -->
    </test> <!-- Default test -->
  </suite> <!-- Default suite -->
</testng-results>
